<?xml version="1.0" encoding="UTF-8"?>
<testng-results ignored="0" total="1" passed="1" failed="0" skipped="0">
  <reporter-output>
  </reporter-output>
  <suite started-at="2024-12-18T22:11:38 AST" name="Default suite" finished-at="2024-12-18T22:12:41 AST" duration-ms="63594">
    <groups>
    </groups>
    <test started-at="2024-12-18T22:11:38 AST" name="Default test" finished-at="2024-12-18T22:12:41 AST" duration-ms="63594">
      <class name="chataQA.SeleniumUIAutomation.AddProductToCart">
        <test-method signature="Amazon_AddProducToCart()[pri:0, instance:chataQA.SeleniumUIAutomation.AddProductToCart@50eac852]" started-at="2024-12-18T22:11:38 AST" name="Amazon_AddProducToCart" finished-at="2024-12-18T22:12:41 AST" duration-ms="63550" status="PASS">
          <reporter-output>
          </reporter-output>
        </test-method> <!-- Amazon_AddProducToCart -->
      </class> <!-- chataQA.SeleniumUIAutomation.AddProductToCart -->
    </test> <!-- Default test -->
  </suite> <!-- Default suite -->
</testng-results>
